# JRE version: Java(TM) SE Runtime Environment (8.0_152-b16) (build 1.8.0_152-b16)
# Java VM: Java HotSpot(TM) 64-Bit Server VM (25.152-b16 mixed mode windows-amd64 compressed oops)
Heap:
 PSYoungGen      total 152576K, used 87218K [0x00000000f5580000, 0x00000000fff80000, 0x0000000100000000)
  eden space 131072K, 66% used [0x00000000f5580000,0x00000000faaac800,0x00000000fd580000)
  from space 21504K, 0% used [0x00000000fea80000,0x00000000fea80000,0x00000000fff80000)
  to   space 21504K, 0% used [0x00000000fd580000,0x00000000fd580000,0x00000000fea80000)
 ParOldGen       total 185344K, used 6322K [0x00000000e0000000, 0x00000000eb500000, 0x00000000f5580000)
  object space 185344K, 3% used [0x00000000e0000000,0x00000000e062c940,0x00000000eb500000)
 Metaspace       used 26194K, capacity 27406K, committed 27776K, reserved 1073152K
  class space    used 3368K, capacity 3611K, committed 3712K, reserved 1048576K
GC Heap History (6 events):
Event: 10.230 GC heap before
{Heap before GC invocations=1 (full 0):
 PSYoungGen      total 152576K, used 131072K [0x00000000f5580000, 0x00000000fff80000, 0x0000000100000000)
  eden space 131072K, 100% used [0x00000000f5580000,0x00000000fd580000,0x00000000fd580000)
  from space 21504K, 0% used [0x00000000fea80000,0x00000000fea80000,0x00000000fff80000)
  to   space 21504K, 0% used [0x00000000fd580000,0x00000000fd580000,0x00000000fea80000)
 ParOldGen       total 348160K, used 0K [0x00000000e0000000, 0x00000000f5400000, 0x00000000f5580000)
  object space 348160K, 0% used [0x00000000e0000000,0x00000000e0000000,0x00000000f5400000)
 Metaspace       used 17800K, capacity 18928K, committed 19072K, reserved 1064960K
  class space    used 2391K, capacity 2628K, committed 2688K, reserved 1048576K
Event: 10.256 GC heap after
Heap after GC invocations=1 (full 0):
 PSYoungGen      total 152576K, used 12766K [0x00000000f5580000, 0x00000000fff80000, 0x0000000100000000)
  eden space 131072K, 0% used [0x00000000f5580000,0x00000000f5580000,0x00000000fd580000)
  from space 21504K, 59% used [0x00000000fd580000,0x00000000fe1f7a98,0x00000000fea80000)
  to   space 21504K, 0% used [0x00000000fea80000,0x00000000fea80000,0x00000000fff80000)
 ParOldGen       total 348160K, used 32K [0x00000000e0000000, 0x00000000f5400000, 0x00000000f5580000)
  object space 348160K, 0% used [0x00000000e0000000,0x00000000e0008000,0x00000000f5400000)
 Metaspace       used 17800K, capacity 18928K, committed 19072K, reserved 1064960K
  class space    used 2391K, capacity 2628K, committed 2688K, reserved 1048576K
}
Event: 10.872 GC heap before
{Heap before GC invocations=2 (full 0):
 PSYoungGen      total 152576K, used 38638K [0x00000000f5580000, 0x00000000fff80000, 0x0000000100000000)
  eden space 131072K, 19% used [0x00000000f5580000,0x00000000f6ec3f90,0x00000000fd580000)
  from space 21504K, 59% used [0x00000000fd580000,0x00000000fe1f7a98,0x00000000fea80000)
  to   space 21504K, 0% used [0x00000000fea80000,0x00000000fea80000,0x00000000fff80000)
 ParOldGen       total 348160K, used 32K [0x00000000e0000000, 0x00000000f5400000, 0x00000000f5580000)
  object space 348160K, 0% used [0x00000000e0000000,0x00000000e0008000,0x00000000f5400000)
 Metaspace       used 19956K, capacity 21090K, committed 21296K, reserved 1067008K
  class space    used 2627K, capacity 2855K, committed 2944K, reserved 1048576K
Event: 10.880 GC heap after
Heap after GC invocations=2 (full 0):
 PSYoungGen      total 152576K, used 6724K [0x00000000f5580000, 0x00000000fff80000, 0x0000000100000000)
  eden space 131072K, 0% used [0x00000000f5580000,0x00000000f5580000,0x00000000fd580000)
  from space 21504K, 31% used [0x00000000fea80000,0x00000000ff1112d0,0x00000000fff80000)
  to   space 21504K, 0% used [0x00000000fd580000,0x00000000fd580000,0x00000000fea80000)
 ParOldGen       total 348160K, used 40K [0x00000000e0000000, 0x00000000f5400000, 0x00000000f5580000)
  object space 348160K, 0% used [0x00000000e0000000,0x00000000e000a000,0x00000000f5400000)
 Metaspace       used 19956K, capacity 21090K, committed 21296K, reserved 1067008K
  class space    used 2627K, capacity 2855K, committed 2944K, reserved 1048576K
}
Event: 10.880 GC heap before
{Heap before GC invocations=3 (full 1):
 PSYoungGen      total 152576K, used 6724K [0x00000000f5580000, 0x00000000fff80000, 0x0000000100000000)
  eden space 131072K, 0% used [0x00000000f5580000,0x00000000f5580000,0x00000000fd580000)
  from space 21504K, 31% used [0x00000000fea80000,0x00000000ff1112d0,0x00000000fff80000)
  to   space 21504K, 0% used [0x00000000fd580000,0x00000000fd580000,0x00000000fea80000)
 ParOldGen       total 348160K, used 40K [0x00000000e0000000, 0x00000000f5400000, 0x00000000f5580000)
  object space 348160K, 0% used [0x00000000e0000000,0x00000000e000a000,0x00000000f5400000)
 Metaspace       used 19956K, capacity 21090K, committed 21296K, reserved 1067008K
  class space    used 2627K, capacity 2855K, committed 2944K, reserved 1048576K
Event: 10.928 GC heap after
Heap after GC invocations=3 (full 1):
 PSYoungGen      total 152576K, used 0K [0x00000000f5580000, 0x00000000fff80000, 0x0000000100000000)
  eden space 131072K, 0% used [0x00000000f5580000,0x00000000f5580000,0x00000000fd580000)
  from space 21504K, 0% used [0x00000000fea80000,0x00000000fea80000,0x00000000fff80000)
  to   space 21504K, 0% used [0x00000000fd580000,0x00000000fd580000,0x00000000fea80000)
 ParOldGen       total 185344K, used 6322K [0x00000000e0000000, 0x00000000eb500000, 0x00000000f5580000)
  object space 185344K, 3% used [0x00000000e0000000,0x00000000e062c940,0x00000000eb500000)
 Metaspace       used 19956K, capacity 21090K, committed 21296K, reserved 1067008K
  class space    used 2627K, capacity 2855K, committed 2944K, reserved 1048576K
}

