# JRE version: Java(TM) SE Runtime Environment (8.0_152-b16) (build 1.8.0_152-b16)
# Java VM: Java HotSpot(TM) 64-Bit Server VM (25.152-b16 mixed mode windows-amd64 compressed oops)
Heap:
 PSYoungGen      total 152576K, used 79967K [0x00000000f5580000, 0x0000000100000000, 0x0000000100000000)
  eden space 131072K, 61% used [0x00000000f5580000,0x00000000fa397ca0,0x00000000fd580000)
  from space 21504K, 0% used [0x00000000fea80000,0x00000000fea80000,0x00000000fff80000)
  to   space 21504K, 0% used [0x00000000fd580000,0x00000000fd580000,0x00000000fea80000)
 ParOldGen       total 168960K, used 5827K [0x00000000e0000000, 0x00000000ea500000, 0x00000000f5580000)
  object space 168960K, 3% used [0x00000000e0000000,0x00000000e05b0f18,0x00000000ea500000)
 Metaspace       used 25787K, capacity 26916K, committed 27136K, reserved 1073152K
  class space    used 3326K, capacity 3566K, committed 3584K, reserved 1048576K
GC Heap History (6 events):
Event: 10.280 GC heap before
{Heap before GC invocations=1 (full 0):
 PSYoungGen      total 152576K, used 131072K [0x00000000f5580000, 0x00000000fff80000, 0x0000000100000000)
  eden space 131072K, 100% used [0x00000000f5580000,0x00000000fd580000,0x00000000fd580000)
  from space 21504K, 0% used [0x00000000fea80000,0x00000000fea80000,0x00000000fff80000)
  to   space 21504K, 0% used [0x00000000fd580000,0x00000000fd580000,0x00000000fea80000)
 ParOldGen       total 348160K, used 0K [0x00000000e0000000, 0x00000000f5400000, 0x00000000f5580000)
  object space 348160K, 0% used [0x00000000e0000000,0x00000000e0000000,0x00000000f5400000)
 Metaspace       used 18649K, capacity 19764K, committed 19968K, reserved 1067008K
  class space    used 2489K, capacity 2726K, committed 2816K, reserved 1048576K
Event: 10.348 GC heap after
Heap after GC invocations=1 (full 0):
 PSYoungGen      total 152576K, used 13151K [0x00000000f5580000, 0x00000000fff80000, 0x0000000100000000)
  eden space 131072K, 0% used [0x00000000f5580000,0x00000000f5580000,0x00000000fd580000)
  from space 21504K, 61% used [0x00000000fd580000,0x00000000fe257e98,0x00000000fea80000)
  to   space 21504K, 0% used [0x00000000fea80000,0x00000000fea80000,0x00000000fff80000)
 ParOldGen       total 348160K, used 0K [0x00000000e0000000, 0x00000000f5400000, 0x00000000f5580000)
  object space 348160K, 0% used [0x00000000e0000000,0x00000000e0000000,0x00000000f5400000)
 Metaspace       used 18649K, capacity 19764K, committed 19968K, reserved 1067008K
  class space    used 2489K, capacity 2726K, committed 2816K, reserved 1048576K
}
Event: 10.788 GC heap before
{Heap before GC invocations=2 (full 0):
 PSYoungGen      total 152576K, used 29298K [0x00000000f5580000, 0x00000000fff80000, 0x0000000100000000)
  eden space 131072K, 12% used [0x00000000f5580000,0x00000000f6544bf8,0x00000000fd580000)
  from space 21504K, 61% used [0x00000000fd580000,0x00000000fe257e98,0x00000000fea80000)
  to   space 21504K, 0% used [0x00000000fea80000,0x00000000fea80000,0x00000000fff80000)
 ParOldGen       total 348160K, used 0K [0x00000000e0000000, 0x00000000f5400000, 0x00000000f5580000)
  object space 348160K, 0% used [0x00000000e0000000,0x00000000e0000000,0x00000000f5400000)
 Metaspace       used 20010K, capacity 21132K, committed 21296K, reserved 1067008K
  class space    used 2628K, capacity 2858K, committed 2944K, reserved 1048576K
Event: 10.798 GC heap after
Heap after GC invocations=2 (full 0):
 PSYoungGen      total 152576K, used 6187K [0x00000000f5580000, 0x0000000100000000, 0x0000000100000000)
  eden space 131072K, 0% used [0x00000000f5580000,0x00000000f5580000,0x00000000fd580000)
  from space 21504K, 28% used [0x00000000fea80000,0x00000000ff08aff8,0x00000000fff80000)
  to   space 21504K, 0% used [0x00000000fd580000,0x00000000fd580000,0x00000000fea80000)
 ParOldGen       total 348160K, used 32K [0x00000000e0000000, 0x00000000f5400000, 0x00000000f5580000)
  object space 348160K, 0% used [0x00000000e0000000,0x00000000e0008000,0x00000000f5400000)
 Metaspace       used 20010K, capacity 21132K, committed 21296K, reserved 1067008K
  class space    used 2628K, capacity 2858K, committed 2944K, reserved 1048576K
}
Event: 10.798 GC heap before
{Heap before GC invocations=3 (full 1):
 PSYoungGen      total 152576K, used 6187K [0x00000000f5580000, 0x0000000100000000, 0x0000000100000000)
  eden space 131072K, 0% used [0x00000000f5580000,0x00000000f5580000,0x00000000fd580000)
  from space 21504K, 28% used [0x00000000fea80000,0x00000000ff08aff8,0x00000000fff80000)
  to   space 21504K, 0% used [0x00000000fd580000,0x00000000fd580000,0x00000000fea80000)
 ParOldGen       total 348160K, used 32K [0x00000000e0000000, 0x00000000f5400000, 0x00000000f5580000)
  object space 348160K, 0% used [0x00000000e0000000,0x00000000e0008000,0x00000000f5400000)
 Metaspace       used 20010K, capacity 21132K, committed 21296K, reserved 1067008K
  class space    used 2628K, capacity 2858K, committed 2944K, reserved 1048576K
Event: 10.847 GC heap after
Heap after GC invocations=3 (full 1):
 PSYoungGen      total 152576K, used 0K [0x00000000f5580000, 0x0000000100000000, 0x0000000100000000)
  eden space 131072K, 0% used [0x00000000f5580000,0x00000000f5580000,0x00000000fd580000)
  from space 21504K, 0% used [0x00000000fea80000,0x00000000fea80000,0x00000000fff80000)
  to   space 21504K, 0% used [0x00000000fd580000,0x00000000fd580000,0x00000000fea80000)
 ParOldGen       total 168960K, used 5827K [0x00000000e0000000, 0x00000000ea500000, 0x00000000f5580000)
  object space 168960K, 3% used [0x00000000e0000000,0x00000000e05b0f18,0x00000000ea500000)
 Metaspace       used 20010K, capacity 21132K, committed 21296K, reserved 1067008K
  class space    used 2628K, capacity 2858K, committed 2944K, reserved 1048576K
}

