# JRE version: Java(TM) SE Runtime Environment (8.0_152-b16) (build 1.8.0_152-b16)
# Java VM: Java HotSpot(TM) 64-Bit Server VM (25.152-b16 mixed mode windows-amd64 compressed oops)
Heap:
 PSYoungGen      total 153088K, used 103090K [0x00000000f5580000, 0x0000000100000000, 0x0000000100000000)
  eden space 134656K, 67% used [0x00000000f5580000,0x00000000fadf3488,0x00000000fd900000)
  from space 18432K, 67% used [0x00000000feb80000,0x00000000ff7b9620,0x00000000ffd80000)
  to   space 18944K, 0% used [0x00000000fd900000,0x00000000fd900000,0x00000000feb80000)
 ParOldGen       total 323072K, used 40566K [0x00000000e0000000, 0x00000000f3b80000, 0x00000000f5580000)
  object space 323072K, 12% used [0x00000000e0000000,0x00000000e279daa0,0x00000000f3b80000)
 Metaspace       used 115546K, capacity 122410K, committed 122520K, reserved 1153024K
  class space    used 17443K, capacity 18585K, committed 18600K, reserved 1048576K
GC Heap History (10 events):
Event: 114.641 GC heap before
{Heap before GC invocations=34 (full 4):
 PSYoungGen      total 153600K, used 132608K [0x00000000f5580000, 0x0000000100000000, 0x0000000100000000)
  eden space 132608K, 100% used [0x00000000f5580000,0x00000000fd700000,0x00000000fd700000)
  from space 20992K, 0% used [0x00000000fd700000,0x00000000fd700000,0x00000000feb80000)
  to   space 20992K, 0% used [0x00000000feb80000,0x00000000feb80000,0x0000000100000000)
 ParOldGen       total 323072K, used 39622K [0x00000000e0000000, 0x00000000f3b80000, 0x00000000f5580000)
  object space 323072K, 12% used [0x00000000e0000000,0x00000000e26b1b50,0x00000000f3b80000)
 Metaspace       used 96129K, capacity 101069K, committed 101272K, reserved 1136640K
  class space    used 13297K, capacity 14124K, committed 14248K, reserved 1048576K
Event: 114.649 GC heap after
Heap after GC invocations=34 (full 4):
 PSYoungGen      total 153600K, used 3362K [0x00000000f5580000, 0x0000000100000000, 0x0000000100000000)
  eden space 132608K, 0% used [0x00000000f5580000,0x00000000f5580000,0x00000000fd700000)
  from space 20992K, 16% used [0x00000000feb80000,0x00000000feec8aa0,0x0000000100000000)
  to   space 20992K, 0% used [0x00000000fd700000,0x00000000fd700000,0x00000000feb80000)
 ParOldGen       total 323072K, used 39630K [0x00000000e0000000, 0x00000000f3b80000, 0x00000000f5580000)
  object space 323072K, 12% used [0x00000000e0000000,0x00000000e26b3b50,0x00000000f3b80000)
 Metaspace       used 96129K, capacity 101069K, committed 101272K, reserved 1136640K
  class space    used 13297K, capacity 14124K, committed 14248K, reserved 1048576K
}
Event: 118.010 GC heap before
{Heap before GC invocations=35 (full 4):
 PSYoungGen      total 153600K, used 135970K [0x00000000f5580000, 0x0000000100000000, 0x0000000100000000)
  eden space 132608K, 100% used [0x00000000f5580000,0x00000000fd700000,0x00000000fd700000)
  from space 20992K, 16% used [0x00000000feb80000,0x00000000feec8aa0,0x0000000100000000)
  to   space 20992K, 0% used [0x00000000fd700000,0x00000000fd700000,0x00000000feb80000)
 ParOldGen       total 323072K, used 39630K [0x00000000e0000000, 0x00000000f3b80000, 0x00000000f5580000)
  object space 323072K, 12% used [0x00000000e0000000,0x00000000e26b3b50,0x00000000f3b80000)
 Metaspace       used 100489K, capacity 106495K, committed 106648K, reserved 1140736K
  class space    used 13965K, capacity 14961K, committed 15016K, reserved 1048576K
Event: 118.023 GC heap after
Heap after GC invocations=35 (full 4):
 PSYoungGen      total 138752K, used 5881K [0x00000000f5580000, 0x00000000ffe00000, 0x0000000100000000)
  eden space 132608K, 0% used [0x00000000f5580000,0x00000000f5580000,0x00000000fd700000)
  from space 6144K, 95% used [0x00000000fd700000,0x00000000fdcbe7f8,0x00000000fdd00000)
  to   space 19968K, 0% used [0x00000000fea80000,0x00000000fea80000,0x00000000ffe00000)
 ParOldGen       total 323072K, used 39638K [0x00000000e0000000, 0x00000000f3b80000, 0x00000000f5580000)
  object space 323072K, 12% used [0x00000000e0000000,0x00000000e26b5b50,0x00000000f3b80000)
 Metaspace       used 100489K, capacity 106495K, committed 106648K, reserved 1140736K
  class space    used 13965K, capacity 14961K, committed 15016K, reserved 1048576K
}
Event: 128.090 GC heap before
{Heap before GC invocations=36 (full 4):
 PSYoungGen      total 138752K, used 138489K [0x00000000f5580000, 0x00000000ffe00000, 0x0000000100000000)
  eden space 132608K, 100% used [0x00000000f5580000,0x00000000fd700000,0x00000000fd700000)
  from space 6144K, 95% used [0x00000000fd700000,0x00000000fdcbe7f8,0x00000000fdd00000)
  to   space 19968K, 0% used [0x00000000fea80000,0x00000000fea80000,0x00000000ffe00000)
 ParOldGen       total 323072K, used 39638K [0x00000000e0000000, 0x00000000f3b80000, 0x00000000f5580000)
  object space 323072K, 12% used [0x00000000e0000000,0x00000000e26b5b50,0x00000000f3b80000)
 Metaspace       used 105975K, capacity 112489K, committed 112664K, reserved 1146880K
  class space    used 14748K, capacity 15812K, committed 15912K, reserved 1048576K
Event: 128.148 GC heap after
Heap after GC invocations=36 (full 4):
 PSYoungGen      total 153088K, used 9995K [0x00000000f5580000, 0x0000000100000000, 0x0000000100000000)
  eden space 133120K, 0% used [0x00000000f5580000,0x00000000f5580000,0x00000000fd780000)
  from space 19968K, 50% used [0x00000000fea80000,0x00000000ff442cc0,0x00000000ffe00000)
  to   space 19456K, 0% used [0x00000000fd780000,0x00000000fd780000,0x00000000fea80000)
 ParOldGen       total 323072K, used 39646K [0x00000000e0000000, 0x00000000f3b80000, 0x00000000f5580000)
  object space 323072K, 12% used [0x00000000e0000000,0x00000000e26b7b50,0x00000000f3b80000)
 Metaspace       used 105975K, capacity 112489K, committed 112664K, reserved 1146880K
  class space    used 14748K, capacity 15812K, committed 15912K, reserved 1048576K
}
Event: 132.294 GC heap before
{Heap before GC invocations=37 (full 4):
 PSYoungGen      total 153088K, used 143115K [0x00000000f5580000, 0x0000000100000000, 0x0000000100000000)
  eden space 133120K, 100% used [0x00000000f5580000,0x00000000fd780000,0x00000000fd780000)
  from space 19968K, 50% used [0x00000000fea80000,0x00000000ff442cc0,0x00000000ffe00000)
  to   space 19456K, 0% used [0x00000000fd780000,0x00000000fd780000,0x00000000fea80000)
 ParOldGen       total 323072K, used 39646K [0x00000000e0000000, 0x00000000f3b80000, 0x00000000f5580000)
  object space 323072K, 12% used [0x00000000e0000000,0x00000000e26b7b50,0x00000000f3b80000)
 Metaspace       used 108268K, capacity 115023K, committed 115224K, reserved 1148928K
  class space    used 14993K, capacity 16089K, committed 16168K, reserved 1048576K
Event: 132.506 GC heap after
Heap after GC invocations=37 (full 4):
 PSYoungGen      total 152576K, used 7327K [0x00000000f5580000, 0x00000000ffd80000, 0x0000000100000000)
  eden space 133120K, 0% used [0x00000000f5580000,0x00000000f5580000,0x00000000fd780000)
  from space 19456K, 37% used [0x00000000fd780000,0x00000000fdea7c70,0x00000000fea80000)
  to   space 18432K, 0% used [0x00000000feb80000,0x00000000feb80000,0x00000000ffd80000)
 ParOldGen       total 323072K, used 39654K [0x00000000e0000000, 0x00000000f3b80000, 0x00000000f5580000)
  object space 323072K, 12% used [0x00000000e0000000,0x00000000e26b9b50,0x00000000f3b80000)
 Metaspace       used 108268K, capacity 115023K, committed 115224K, reserved 1148928K
  class space    used 14993K, capacity 16089K, committed 16168K, reserved 1048576K
}
Event: 134.737 GC heap before
{Heap before GC invocations=38 (full 4):
 PSYoungGen      total 152576K, used 140447K [0x00000000f5580000, 0x00000000ffd80000, 0x0000000100000000)
  eden space 133120K, 100% used [0x00000000f5580000,0x00000000fd780000,0x00000000fd780000)
  from space 19456K, 37% used [0x00000000fd780000,0x00000000fdea7c70,0x00000000fea80000)
  to   space 18432K, 0% used [0x00000000feb80000,0x00000000feb80000,0x00000000ffd80000)
 ParOldGen       total 323072K, used 39654K [0x00000000e0000000, 0x00000000f3b80000, 0x00000000f5580000)
  object space 323072K, 12% used [0x00000000e0000000,0x00000000e26b9b50,0x00000000f3b80000)
 Metaspace       used 114539K, capacity 121284K, committed 121624K, reserved 1153024K
  class space    used 17299K, capacity 18400K, committed 18472K, reserved 1048576K
Event: 134.754 GC heap after
Heap after GC invocations=38 (full 4):
 PSYoungGen      total 153088K, used 12517K [0x00000000f5580000, 0x0000000100000000, 0x0000000100000000)
  eden space 134656K, 0% used [0x00000000f5580000,0x00000000f5580000,0x00000000fd900000)
  from space 18432K, 67% used [0x00000000feb80000,0x00000000ff7b9620,0x00000000ffd80000)
  to   space 18944K, 0% used [0x00000000fd900000,0x00000000fd900000,0x00000000feb80000)
 ParOldGen       total 323072K, used 40566K [0x00000000e0000000, 0x00000000f3b80000, 0x00000000f5580000)
  object space 323072K, 12% used [0x00000000e0000000,0x00000000e279daa0,0x00000000f3b80000)
 Metaspace       used 114539K, capacity 121284K, committed 121624K, reserved 1153024K
  class space    used 17299K, capacity 18400K, committed 18472K, reserved 1048576K
}

